Error [ERR_HTTP_HEADERS_SENT]: Cannot write headers after they are sent to the client
    at ServerResponse.writeHead (node:_http_server:351:11)
    at Server.<anonymous> (d:\webService\ScrumFlow- (2)\ScrumFlow-\simple-service.js:60:9)
    at Server.emit (node:events:518:28)
    at Server.<anonymous> (C:\Users\Administrator\AppData\Roaming\npm\node_modules\pm2\node_modules\@pm2\io\build\main\metrics\httpMetrics.js:167:33)
    at parserOnIncoming (node:_http_server:1153:12)
    at HTTPParser.parserOnHeadersComplete (node:_http_common:117:17)
Error [ERR_HTTP_HEADERS_SENT]: Cannot write headers after they are sent to the client
    at ServerResponse.writeHead (node:_http_server:351:11)
    at Server.<anonymous> (d:\webService\ScrumFlow- (2)\ScrumFlow-\simple-service.js:60:9)
    at Server.emit (node:events:518:28)
    at Server.<anonymous> (C:\Users\Administrator\AppData\Roaming\npm\node_modules\pm2\node_modules\@pm2\io\build\main\metrics\httpMetrics.js:167:33)
    at parserOnIncoming (node:_http_server:1153:12)
    at HTTPParser.parserOnHeadersComplete (node:_http_common:117:17)
Error [ERR_HTTP_HEADERS_SENT]: Cannot write headers after they are sent to the client
    at ServerResponse.writeHead (node:_http_server:351:11)
    at Server.<anonymous> (d:\webService\ScrumFlow- (2)\ScrumFlow-\simple-service.js:60:9)
    at Server.emit (node:events:518:28)
    at Server.<anonymous> (C:\Users\Administrator\AppData\Roaming\npm\node_modules\pm2\node_modules\@pm2\io\build\main\metrics\httpMetrics.js:167:33)
    at parserOnIncoming (node:_http_server:1153:12)
    at HTTPParser.parserOnHeadersComplete (node:_http_common:117:17)
Error [ERR_HTTP_HEADERS_SENT]: Cannot write headers after they are sent to the client
    at ServerResponse.writeHead (node:_http_server:351:11)
    at Server.<anonymous> (d:\webService\ScrumFlow- (2)\ScrumFlow-\simple-service.js:60:9)
    at Server.emit (node:events:518:28)
    at Server.<anonymous> (C:\Users\Administrator\AppData\Roaming\npm\node_modules\pm2\node_modules\@pm2\io\build\main\metrics\httpMetrics.js:167:33)
    at parserOnIncoming (node:_http_server:1153:12)
    at HTTPParser.parserOnHeadersComplete (node:_http_common:117:17)
Error [ERR_HTTP_HEADERS_SENT]: Cannot write headers after they are sent to the client
    at ServerResponse.writeHead (node:_http_server:351:11)
    at Server.<anonymous> (d:\webService\ScrumFlow- (2)\ScrumFlow-\simple-service.js:60:9)
    at Server.emit (node:events:518:28)
    at Server.<anonymous> (C:\Users\Administrator\AppData\Roaming\npm\node_modules\pm2\node_modules\@pm2\io\build\main\metrics\httpMetrics.js:167:33)
    at parserOnIncoming (node:_http_server:1153:12)
    at HTTPParser.parserOnHeadersComplete (node:_http_common:117:17)
Error [ERR_HTTP_HEADERS_SENT]: Cannot write headers after they are sent to the client
    at ServerResponse.writeHead (node:_http_server:351:11)
    at Server.<anonymous> (d:\webService\ScrumFlow- (2)\ScrumFlow-\simple-service.js:60:9)
    at Server.emit (node:events:518:28)
    at Server.<anonymous> (C:\Users\Administrator\AppData\Roaming\npm\node_modules\pm2\node_modules\@pm2\io\build\main\metrics\httpMetrics.js:167:33)
    at parserOnIncoming (node:_http_server:1153:12)
    at HTTPParser.parserOnHeadersComplete (node:_http_common:117:17)
Error [ERR_HTTP_HEADERS_SENT]: Cannot write headers after they are sent to the client
    at ServerResponse.writeHead (node:_http_server:351:11)
    at Server.<anonymous> (d:\webService\ScrumFlow- (2)\ScrumFlow-\simple-service.js:60:9)
    at Server.emit (node:events:518:28)
    at Server.<anonymous> (C:\Users\Administrator\AppData\Roaming\npm\node_modules\pm2\node_modules\@pm2\io\build\main\metrics\httpMetrics.js:167:33)
    at parserOnIncoming (node:_http_server:1153:12)
    at HTTPParser.parserOnHeadersComplete (node:_http_common:117:17)
Error [ERR_HTTP_HEADERS_SENT]: Cannot write headers after they are sent to the client
    at ServerResponse.writeHead (node:_http_server:351:11)
    at Server.<anonymous> (d:\webService\ScrumFlow- (2)\ScrumFlow-\simple-service.js:60:9)
    at Server.emit (node:events:518:28)
    at Server.<anonymous> (C:\Users\Administrator\AppData\Roaming\npm\node_modules\pm2\node_modules\@pm2\io\build\main\metrics\httpMetrics.js:167:33)
    at parserOnIncoming (node:_http_server:1153:12)
    at HTTPParser.parserOnHeadersComplete (node:_http_common:117:17)
Error [ERR_HTTP_HEADERS_SENT]: Cannot write headers after they are sent to the client
    at ServerResponse.writeHead (node:_http_server:351:11)
    at Server.<anonymous> (d:\webService\ScrumFlow- (2)\ScrumFlow-\simple-service.js:60:9)
    at Server.emit (node:events:518:28)
    at Server.<anonymous> (C:\Users\Administrator\AppData\Roaming\npm\node_modules\pm2\node_modules\@pm2\io\build\main\metrics\httpMetrics.js:167:33)
    at parserOnIncoming (node:_http_server:1153:12)
    at HTTPParser.parserOnHeadersComplete (node:_http_common:117:17)
Error [ERR_HTTP_HEADERS_SENT]: Cannot write headers after they are sent to the client
    at ServerResponse.writeHead (node:_http_server:351:11)
    at Server.<anonymous> (d:\webService\ScrumFlow- (2)\ScrumFlow-\simple-service.js:60:9)
    at Server.emit (node:events:518:28)
    at Server.<anonymous> (C:\Users\Administrator\AppData\Roaming\npm\node_modules\pm2\node_modules\@pm2\io\build\main\metrics\httpMetrics.js:167:33)
    at parserOnIncoming (node:_http_server:1153:12)
    at HTTPParser.parserOnHeadersComplete (node:_http_common:117:17)
Error [ERR_HTTP_HEADERS_SENT]: Cannot write headers after they are sent to the client
    at ServerResponse.writeHead (node:_http_server:351:11)
    at Server.<anonymous> (d:\webService\ScrumFlow- (2)\ScrumFlow-\simple-service.js:60:9)
    at Server.emit (node:events:518:28)
    at Server.<anonymous> (C:\Users\Administrator\AppData\Roaming\npm\node_modules\pm2\node_modules\@pm2\io\build\main\metrics\httpMetrics.js:167:33)
    at parserOnIncoming (node:_http_server:1153:12)
    at HTTPParser.parserOnHeadersComplete (node:_http_common:117:17)
Error [ERR_HTTP_HEADERS_SENT]: Cannot write headers after they are sent to the client
    at ServerResponse.writeHead (node:_http_server:351:11)
    at Server.<anonymous> (d:\webService\ScrumFlow- (2)\ScrumFlow-\simple-service.js:60:9)
    at Server.emit (node:events:518:28)
    at Server.<anonymous> (C:\Users\Administrator\AppData\Roaming\npm\node_modules\pm2\node_modules\@pm2\io\build\main\metrics\httpMetrics.js:167:33)
    at parserOnIncoming (node:_http_server:1153:12)
    at HTTPParser.parserOnHeadersComplete (node:_http_common:117:17)
Error [ERR_HTTP_HEADERS_SENT]: Cannot write headers after they are sent to the client
    at ServerResponse.writeHead (node:_http_server:351:11)
    at Server.<anonymous> (d:\webService\ScrumFlow- (2)\ScrumFlow-\simple-service.js:60:9)
    at Server.emit (node:events:518:28)
    at Server.<anonymous> (C:\Users\Administrator\AppData\Roaming\npm\node_modules\pm2\node_modules\@pm2\io\build\main\metrics\httpMetrics.js:167:33)
    at parserOnIncoming (node:_http_server:1153:12)
    at HTTPParser.parserOnHeadersComplete (node:_http_common:117:17)
